<?xml version="1.0" encoding="UTF-8"?>
<!-- Generated by org.testng.reporters.JUnitXMLReporter -->
<testsuite hostname="ASDP1493PO01976" name="Default test" tests="7" failures="0" timestamp="25 Jun 2018 07:53:24 GMT" time="0.047" errors="0">
  <testcase name="@BeforeClass run" time="0.0" classname="com.qait.project_name.Pom.AppTest">
    <failure type="org.testng.TestNGException" message="
Method run requires 1 parameters but 0 were supplied in the @Configuration annotation.">
      <![CDATA[org.testng.TestNGException: 
Method run requires 1 parameters but 0 were supplied in the @Configuration annotation.
	at org.testng.internal.Parameters.checkParameterTypes(Parameters.java:198)
	at org.testng.internal.Parameters.createParameters(Parameters.java:134)
	at org.testng.internal.Parameters.createParameters(Parameters.java:370)
	at org.testng.internal.Parameters.createConfigurationParameters(Parameters.java:86)
	at org.testng.internal.Invoker.invokeConfigurations(Invoker.java:199)
	at org.testng.internal.Invoker.invokeConfigurations(Invoker.java:138)
	at org.testng.internal.TestMethodWorker.invokeBeforeClassMethods(TestMethodWorker.java:175)
	at org.testng.internal.TestMethodWorker.run(TestMethodWorker.java:107)
	at org.testng.TestRunner.privateRun(TestRunner.java:767)
	at org.testng.TestRunner.run(TestRunner.java:617)
	at org.testng.SuiteRunner.runTest(SuiteRunner.java:334)
	at org.testng.SuiteRunner.runSequentially(SuiteRunner.java:329)
	at org.testng.SuiteRunner.privateRun(SuiteRunner.java:291)
	at org.testng.SuiteRunner.run(SuiteRunner.java:240)
	at org.testng.SuiteRunnerWorker.runSuite(SuiteRunnerWorker.java:52)
	at org.testng.SuiteRunnerWorker.run(SuiteRunnerWorker.java:86)
	at org.testng.TestNG.runSuitesSequentially(TestNG.java:1198)
	at org.testng.TestNG.runSuitesLocally(TestNG.java:1123)
	at org.testng.TestNG.run(TestNG.java:1031)
	at org.testng.remote.AbstractRemoteTestNG.run(AbstractRemoteTestNG.java:114)
	at org.testng.remote.RemoteTestNG.initAndRun(RemoteTestNG.java:251)
	at org.testng.remote.RemoteTestNG.main(RemoteTestNG.java:77)
]]>
    </failure>
  </testcase> <!-- @BeforeClass run -->
  <testcase name="Step01web_browser_launches" time="0.006" classname="com.qait.project_name.Pom.AppTest">
    <skipped/>
  </testcase> <!-- Step01web_browser_launches -->
  <testcase name="Step02click_on_basiccourse" time="0.001" classname="com.qait.project_name.Pom.AppTest">
    <skipped/>
  </testcase> <!-- Step02click_on_basiccourse -->
  <testcase name="Step03clickgreenbox" time="0.001" classname="com.qait.project_name.Pom.AppTest">
    <skipped/>
  </testcase> <!-- Step03clickgreenbox -->
  <testcase name="Step04clickredbox" time="0.001" classname="com.qait.project_name.Pom.AppTest">
    <skipped/>
  </testcase> <!-- Step04clickredbox -->
  <testcase name="Step05frame2" time="0.002" classname="com.qait.project_name.Pom.AppTest">
    <skipped/>
  </testcase> <!-- Step05frame2 -->
  <testcase name="Step06dragaround" time="0.002" classname="com.qait.project_name.Pom.AppTest">
    <skipped/>
  </testcase> <!-- Step06dragaround -->
  <testcase name="Step07launchpopup" time="0.001" classname="com.qait.project_name.Pom.AppTest">
    <skipped/>
  </testcase> <!-- Step07launchpopup -->
</testsuite> <!-- Default test -->
